<?xml version="1.0" encoding="UTF-8"?>
<!-- Generated by org.testng.reporters.JUnitReportReporter -->
<testsuite hostname="Ideapad-Gaming3" failures="0" tests="23" name="runners.TestRunner" time="578.069" errors="0" timestamp="2025-09-03T20:46:24 IST" skipped="0">
  <testcase classname="runners.TestRunner" name="runScenario" time="25.913"/>
  <testcase classname="runners.TestRunner" name="runScenario" time="20.814"/>
  <testcase classname="runners.TestRunner" name="runScenario" time="17.756"/>
  <testcase classname="runners.TestRunner" name="runScenario" time="27.173"/>
  <testcase classname="runners.TestRunner" name="runScenario" time="18.532"/>
  <testcase classname="runners.TestRunner" name="runScenario" time="24.171"/>
  <testcase classname="runners.TestRunner" name="runScenario" time="27.597"/>
  <testcase classname="runners.TestRunner" name="runScenario" time="23.856"/>
  <testcase classname="runners.TestRunner" name="runScenario" time="33.728"/>
  <testcase classname="runners.TestRunner" name="runScenario" time="33.466"/>
  <testcase classname="runners.TestRunner" name="runScenario" time="18.338"/>
  <testcase classname="runners.TestRunner" name="runScenario" time="18.042"/>
  <testcase classname="runners.TestRunner" name="runScenario" time="19.845"/>
  <testcase classname="runners.TestRunner" name="runScenario" time="33.416"/>
  <testcase classname="runners.TestRunner" name="runScenario" time="23.964"/>
  <testcase classname="runners.TestRunner" name="runScenario" time="27.774"/>
  <testcase classname="runners.TestRunner" name="runScenario" time="34.398"/>
  <testcase classname="runners.TestRunner" name="runScenario" time="31.095"/>
  <testcase classname="runners.TestRunner" name="runScenario" time="23.733"/>
  <testcase classname="runners.TestRunner" name="runScenario" time="34.064"/>
  <testcase classname="runners.TestRunner" name="runScenario" time="24.197"/>
  <testcase classname="runners.TestRunner" name="runScenario" time="17.925"/>
  <testcase classname="runners.TestRunner" name="runScenario" time="18.272"/>
</testsuite> <!-- runners.TestRunner -->
