<?xml version="1.0" encoding="UTF-8"?>
<!-- Generated by org.testng.reporters.JUnitReportReporter -->
<testsuite hostname="Ideapad-Gaming3" failures="0" tests="23" name="runners.TestRunner" time="401.201" errors="0" timestamp="2025-09-16T21:14:13 IST" skipped="0">
  <testcase classname="runners.TestRunner" name="runScenario" time="11.775"/>
  <testcase classname="runners.TestRunner" name="runScenario" time="22.478"/>
  <testcase classname="runners.TestRunner" name="runScenario" time="21.569"/>
  <testcase classname="runners.TestRunner" name="runScenario" time="16.396"/>
  <testcase classname="runners.TestRunner" name="runScenario" time="18.105"/>
  <testcase classname="runners.TestRunner" name="runScenario" time="16.569"/>
  <testcase classname="runners.TestRunner" name="runScenario" time="11.411"/>
  <testcase classname="runners.TestRunner" name="runScenario" time="18.902"/>
  <testcase classname="runners.TestRunner" name="runScenario" time="13.849"/>
  <testcase classname="runners.TestRunner" name="runScenario" time="13.029"/>
  <testcase classname="runners.TestRunner" name="runScenario" time="25.791"/>
  <testcase classname="runners.TestRunner" name="runScenario" time="19.532"/>
  <testcase classname="runners.TestRunner" name="runScenario" time="16.178"/>
  <testcase classname="runners.TestRunner" name="runScenario" time="17.946"/>
  <testcase classname="runners.TestRunner" name="runScenario" time="23.579"/>
  <testcase classname="runners.TestRunner" name="runScenario" time="11.456"/>
  <testcase classname="runners.TestRunner" name="runScenario" time="19.908"/>
  <testcase classname="runners.TestRunner" name="runScenario" time="11.502"/>
  <testcase classname="runners.TestRunner" name="runScenario" time="17.677"/>
  <testcase classname="runners.TestRunner" name="runScenario" time="11.473"/>
  <testcase classname="runners.TestRunner" name="runScenario" time="22.089"/>
  <testcase classname="runners.TestRunner" name="runScenario" time="18.008"/>
  <testcase classname="runners.TestRunner" name="runScenario" time="21.979"/>
</testsuite> <!-- runners.TestRunner -->
